{"level":"info","message":"Database connected withac-nk3nrhg-shard-00-00.cwzxibu.mongodb.net","timestamp":"2024-01-26T05:36:07.116Z"}
{"level":"info","message":"New user registered with ID: 65b9a743f3b543e888d880ea","timestamp":"2024-01-31T01:49:55.245Z"}
{"level":"info","message":"New user registered with ID: 65b9a9116ec68c068fdb86ca","timestamp":"2024-01-31T01:57:37.266Z"}
{"level":"info","message":"New user registered with ID: 65b9a9fc4e539ae0983ddf7a","timestamp":"2024-01-31T02:01:32.856Z"}
{"level":"info","message":"New user registered with ID: 65b9ae5e791db9adc26979b7","timestamp":"2024-01-31T02:20:14.808Z"}
{"level":"info","message":"New user registered with ID: 65b9afa014f9a4ad02e3c342","timestamp":"2024-01-31T02:25:36.768Z"}
{"level":"info","message":"New user registered with ID: 65b9b0747c38057228671c4d","timestamp":"2024-01-31T02:29:08.529Z"}
{"level":"info","message":"New user registered with ID: 65bae3f682379f485049a40b","timestamp":"2024-02-01T00:21:10.298Z"}
{"level":"info","message":"New user registered with ID: 65bae40982379f485049a40e","timestamp":"2024-02-01T00:21:30.138Z"}
{"level":"info","message":"User 65bae40982379f485049a40e logged in","timestamp":"2024-02-01T00:33:32.525Z"}
{"level":"info","message":"User 65bae40982379f485049a40e logged in","timestamp":"2024-02-01T00:51:37.988Z"}
{"level":"info","message":"User 65bae40982379f485049a40e logged in","timestamp":"2024-02-01T00:56:19.662Z"}
{"level":"info","message":"User 65bae40982379f485049a40e logged in","timestamp":"2024-02-01T01:07:56.622Z"}
{"level":"info","message":"User 65bae40982379f485049a40e logged in","timestamp":"2024-02-01T01:08:53.583Z"}
{"level":"info","message":"User 65bae40982379f485049a40e logged in","timestamp":"2024-02-01T07:43:27.311Z"}
{"level":"info","message":"User 65bae40982379f485049a40e logged in","timestamp":"2024-02-01T07:56:42.718Z"}
{"level":"info","message":"User 65bae40982379f485049a40e logged in","timestamp":"2024-02-03T14:51:50.587Z"}
{"level":"info","message":"User 65bae40982379f485049a40e logged in","timestamp":"2024-02-03T15:06:05.753Z"}
{"level":"info","message":"User 65bae40982379f485049a40e logged in","timestamp":"2024-02-03T15:13:37.524Z"}
{"level":"info","message":"User 65bae40982379f485049a40e logged in","timestamp":"2024-02-03T15:19:45.997Z"}
{"level":"info","message":"User 65bae40982379f485049a40e logged in","timestamp":"2024-02-03T15:22:28.937Z"}
{"level":"info","message":"User 65bae40982379f485049a40e logged in","timestamp":"2024-02-03T17:51:54.443Z"}
{"level":"info","message":"User ID:  logged out","timestamp":"2024-02-03T21:05:02.810Z"}
{"level":"info","message":"User ID:  logged out","timestamp":"2024-02-04T02:25:33.167Z"}
{"level":"info","message":"User ID:  logged out","timestamp":"2024-02-04T02:56:26.983Z"}
{"level":"info","message":"New user registered with ID: 65dcdfbf90d5f483d370d4c4","timestamp":"2024-02-26T19:00:15.876Z"}
{"level":"info","message":"New user registered with ID: 65dce41a283a93e1c0b15111","timestamp":"2024-02-26T19:18:50.980Z"}
{"level":"info","message":"New user registered with ID: 65dd3e4687482067347c10a6","timestamp":"2024-02-27T01:43:34.814Z"}
{"level":"info","message":"New user registered with ID: 65e2b697ab89eca4089c1337","timestamp":"2024-03-02T05:18:15.196Z"}
{"level":"info","message":"New user registered with ID: 65e2c045b9d5348d0b79b2d8","timestamp":"2024-03-02T05:59:33.100Z"}
{"level":"info","message":"New user registered with ID: 65e2c2fd9b166ed4abe11aea","timestamp":"2024-03-02T06:11:09.678Z"}
{"level":"info","message":"New user registered with ID: 65e2c32815f76ce89787c05f","timestamp":"2024-03-02T06:11:53.145Z"}
{"level":"info","message":"New user registered with ID: 65e35bca65679f0cebf5ce3e","timestamp":"2024-03-02T17:03:06.739Z"}
{"level":"info","message":"New user registered with ID: 65e3617e9ffd00f22f57453c","timestamp":"2024-03-02T17:27:26.814Z"}
{"level":"info","message":"New user registered with ID: 65e361e19ffd00f22f574547","timestamp":"2024-03-02T17:29:05.358Z"}
{"level":"info","message":"Email verified for user ID: 661a5f88cb452204315b1195","timestamp":"2024-04-13T10:34:15.710Z"}
{"level":"info","message":"Email verified for user ID: 661a5f88cb452204315b1195","timestamp":"2024-04-13T10:34:15.716Z"}
{"level":"info","message":"Email verified for user ID: 661b4e577cd9c1e0e64328ad","timestamp":"2024-04-14T03:33:04.670Z"}
{"level":"info","message":"Email verified for user ID: 661b4e577cd9c1e0e64328ad","timestamp":"2024-04-14T03:33:04.684Z"}
{"level":"info","message":"Email verified for user ID: 661b4fff2b24532944c2be9a","timestamp":"2024-04-14T03:39:57.904Z"}
{"level":"info","message":"Email verified for user ID: 661b4fff2b24532944c2be9a","timestamp":"2024-04-14T03:39:57.915Z"}
{"level":"info","message":"Email verified for user ID: 661b52441403487e96c29d75","timestamp":"2024-04-14T03:49:43.885Z"}
{"level":"info","message":"Email verified for user ID: 661b52441403487e96c29d75","timestamp":"2024-04-14T03:49:43.904Z"}
{"level":"info","message":"Email verified for user ID: 661b52da9541d4dff784c100","timestamp":"2024-04-14T03:52:53.714Z"}
{"level":"info","message":"Email verified for user ID: 661b52da9541d4dff784c100","timestamp":"2024-04-14T03:52:53.808Z"}
{"level":"info","message":"Email verified for user ID: 662129bc2d793ac385857a75","timestamp":"2024-04-18T14:10:21.526Z"}
{"level":"info","message":"Email verified for user ID: 662129bc2d793ac385857a75","timestamp":"2024-04-18T14:10:21.532Z"}
{"level":"info","message":"Email verified for user ID: 66212a6b2d793ac385857a7f","timestamp":"2024-04-18T14:14:31.269Z"}
{"level":"info","message":"Email verified for user ID: 66212a6b2d793ac385857a7f","timestamp":"2024-04-18T14:14:31.274Z"}
{"level":"info","message":"Email verified for user ID: 66213278086ebca29d3cfaa9","timestamp":"2024-04-18T14:47:42.887Z"}
{"level":"info","message":"Email verified for user ID: 66213278086ebca29d3cfaa9","timestamp":"2024-04-18T14:47:42.896Z"}
{"level":"info","message":"Email verified for user ID: 662133aaedd1be7f7edc096d","timestamp":"2024-04-18T14:52:57.619Z"}
{"level":"info","message":"Email verified for user ID: 662133aaedd1be7f7edc096d","timestamp":"2024-04-18T14:52:57.624Z"}
{"level":"info","message":"Email verified for user ID: 662133e6edd1be7f7edc0976","timestamp":"2024-04-18T15:07:47.449Z"}
{"level":"info","message":"Email verified for user ID: 662133e6edd1be7f7edc0976","timestamp":"2024-04-18T15:07:47.457Z"}
{"level":"info","message":"Email verified for user ID: 66213be947d75d24a857a146","timestamp":"2024-04-18T15:27:49.658Z"}
{"level":"info","message":"Email verified for user ID: 66213be947d75d24a857a146","timestamp":"2024-04-18T15:27:49.663Z"}
{"level":"info","message":"Email verified for user ID: 66229f134bb087ebee4f049f","timestamp":"2024-04-19T16:43:20.896Z"}
{"level":"info","message":"Email verified for user ID: 66229f134bb087ebee4f049f","timestamp":"2024-04-19T16:43:20.912Z"}
{"level":"info","message":"Email verified for user ID: 662c3086a355ffb838a55293","timestamp":"2024-04-26T23:02:36.628Z"}
{"level":"info","message":"Email verified for user ID: 662c3086a355ffb838a55293","timestamp":"2024-04-26T23:02:36.958Z"}
{"level":"info","message":"Email verified for user ID: 662c33149f09f1f651bb1bfd","timestamp":"2024-04-26T23:05:04.651Z"}
{"level":"info","message":"Email verified for user ID: 662c33149f09f1f651bb1bfd","timestamp":"2024-04-26T23:05:04.678Z"}
{"level":"info","message":"Email verified for user ID: 662c37c10c5ca2deaa6d2553","timestamp":"2024-04-26T23:25:01.509Z"}
{"level":"info","message":"Email verified for user ID: 662c37c10c5ca2deaa6d2553","timestamp":"2024-04-26T23:25:01.514Z"}
{"level":"info","message":"Email verified for user ID: 662c38880c5ca2deaa6d257b","timestamp":"2024-04-26T23:28:21.078Z"}
{"level":"info","message":"Email verified for user ID: 662c38880c5ca2deaa6d257b","timestamp":"2024-04-26T23:28:21.085Z"}
{"level":"info","message":"Email verified for user ID: 662c39cf12bbbd7b1e7cb308","timestamp":"2024-04-26T23:33:46.273Z"}
{"level":"info","message":"Email verified for user ID: 662c39cf12bbbd7b1e7cb308","timestamp":"2024-04-26T23:33:46.282Z"}
{"level":"info","message":"Email verified for user ID: 662c3b7705bca13b79bc74c8","timestamp":"2024-04-26T23:40:49.341Z"}
{"level":"info","message":"Email verified for user ID: 662c3b7705bca13b79bc74c8","timestamp":"2024-04-26T23:40:49.351Z"}
{"level":"info","message":"Email verified for user ID: 662c3e1c05bca13b79bc7526","timestamp":"2024-04-26T23:52:05.221Z"}
{"level":"info","message":"Email verified for user ID: 662c3e1c05bca13b79bc7526","timestamp":"2024-04-26T23:52:05.509Z"}
{"level":"info","message":"Email verified for user ID: 662c48859bf7d0a449acbe54","timestamp":"2024-04-27T00:36:36.428Z"}
{"level":"info","message":"Email verified for user ID: 662c48859bf7d0a449acbe54","timestamp":"2024-04-27T00:36:36.434Z"}
{"level":"info","message":"Email verified for user ID: 662c4ebc7e875cf765cce88d","timestamp":"2024-04-27T01:03:21.039Z"}
{"level":"info","message":"Email verified for user ID: 662c4ebc7e875cf765cce88d","timestamp":"2024-04-27T01:03:21.051Z"}
{"level":"info","message":"Email verified for user ID: 662c506269e9b65c69105763","timestamp":"2024-04-27T01:10:11.595Z"}
{"level":"info","message":"Email verified for user ID: 662c506269e9b65c69105763","timestamp":"2024-04-27T01:10:11.610Z"}
{"level":"info","message":"Email verified for user ID: 662c55287b2768c2d20423ff","timestamp":"2024-04-27T01:31:01.244Z"}
{"level":"info","message":"Email verified for user ID: 662c55287b2768c2d20423ff","timestamp":"2024-04-27T01:31:01.256Z"}
{"level":"info","message":"Email verified for user ID: 662c80109289b93f309a799b","timestamp":"2024-04-27T04:33:42.086Z"}
{"level":"info","message":"Email verified for user ID: 662c80109289b93f309a799b","timestamp":"2024-04-27T04:33:42.090Z"}
